<?xml version="1.0" encoding="UTF-8"?>
<!-- Generated by org.testng.reporters.JUnitXMLReporter -->
<testsuite hostname="YCSPC009" ignored="1" name="Testng_learn" tests="2" failures="0" timestamp="08 九月 2020 10:45:31 GMT" time="3.401" errors="0">
  <testcase name="loginTest" time="2.828" classname="com.qa.tests.CountryTests"/>
  <testcase name="getUserTest" time="0.546" classname="com.qa.tests.CountryTests"/>
  <testcase name="modifyUser" time="0.0" classname="com.qa.tests.CountryTests">
    <ignored/>
  </testcase> <!-- modifyUser -->
</testsuite> <!-- Testng_learn -->
