<?xml version="1.0" encoding="UTF-8"?>
<!-- Generated by org.testng.reporters.JUnitXMLReporter -->
<testsuite hostname="YCSPC009" ignored="1" name="Testng_learn" tests="2" failures="0" timestamp="10 九月 2020 06:12:46 GMT" time="13.247" errors="0">
  <testcase name="loginTest" time="7.509" classname="com.qa.tests.CountryTests"/>
  <testcase name="getUserTest" time="5.715" classname="com.qa.tests.CountryTests"/>
  <testcase name="modifyUser" time="0.0" classname="com.qa.tests.CountryTests">
    <ignored/>
  </testcase> <!-- modifyUser -->
</testsuite> <!-- Testng_learn -->
