<?xml version="1.0" encoding="UTF-8"?>
<testng-results skipped="0" failed="0" ignored="1" total="3" passed="2">
  <reporter-output>
  </reporter-output>
  <suite name="Default Suite" duration-ms="13247" started-at="2020-09-10T06:12:33Z" finished-at="2020-09-10T06:12:46Z">
    <groups>
      <group name="user_get">
        <method signature="CountryTests.getUserTest()[pri:0, instance:com.qa.tests.CountryTests@6b2fad11]" name="getUserTest" class="com.qa.tests.CountryTests"/>
      </group> <!-- user_get -->
      <group name="user_post">
        <method signature="CountryTests.loginTest()[pri:0, instance:com.qa.tests.CountryTests@6b2fad11]" name="loginTest" class="com.qa.tests.CountryTests"/>
      </group> <!-- user_post -->
    </groups>
    <test name="Testng_learn" duration-ms="13247" started-at="2020-09-10T06:12:33Z" finished-at="2020-09-10T06:12:46Z">
      <class name="com.qa.tests.CountryTests">
        <test-method status="PASS" signature="setUp()[pri:0, instance:com.qa.tests.CountryTests@6b2fad11]" name="setUp" is-config="true" duration-ms="7" started-at="2020-09-10T06:12:33Z" finished-at="2020-09-10T06:12:33Z">
          <reporter-output>
          </reporter-output>
        </test-method> <!-- setUp -->
        <test-method status="PASS" signature="loginTest()[pri:0, instance:com.qa.tests.CountryTests@6b2fad11]" name="loginTest" duration-ms="7509" started-at="2020-09-10T06:12:33Z" finished-at="2020-09-10T06:12:40Z">
          <reporter-output>
          </reporter-output>
        </test-method> <!-- loginTest -->
        <test-method status="PASS" signature="getUserTest()[pri:0, instance:com.qa.tests.CountryTests@6b2fad11]" name="getUserTest" duration-ms="5715" depends-on-groups="user_post, user_post" started-at="2020-09-10T06:12:40Z" finished-at="2020-09-10T06:12:46Z">
          <reporter-output>
          </reporter-output>
        </test-method> <!-- getUserTest -->
      </class> <!-- com.qa.tests.CountryTests -->
    </test> <!-- Testng_learn -->
  </suite> <!-- Default Suite -->
</testng-results>
