<?xml version="1.0" encoding="UTF-8"?>
<testng-results skipped="0" failed="0" ignored="1" total="3" passed="2">
  <reporter-output>
  </reporter-output>
  <suite name="Default Suite" duration-ms="3401" started-at="2020-09-08T10:45:27Z" finished-at="2020-09-08T10:45:31Z">
    <groups>
      <group name="user_get">
        <method signature="CountryTests.getUserTest()[pri:0, instance:com.qa.tests.CountryTests@366e2eef]" name="getUserTest" class="com.qa.tests.CountryTests"/>
      </group> <!-- user_get -->
      <group name="user_post">
        <method signature="CountryTests.loginTest()[pri:0, instance:com.qa.tests.CountryTests@366e2eef]" name="loginTest" class="com.qa.tests.CountryTests"/>
      </group> <!-- user_post -->
    </groups>
    <test name="Testng_learn" duration-ms="3401" started-at="2020-09-08T10:45:27Z" finished-at="2020-09-08T10:45:31Z">
      <class name="com.qa.tests.CountryTests">
        <test-method status="PASS" signature="setUp()[pri:0, instance:com.qa.tests.CountryTests@366e2eef]" name="setUp" is-config="true" duration-ms="9" started-at="2020-09-08T10:45:27Z" finished-at="2020-09-08T10:45:27Z">
          <reporter-output>
          </reporter-output>
        </test-method> <!-- setUp -->
        <test-method status="PASS" signature="loginTest()[pri:0, instance:com.qa.tests.CountryTests@366e2eef]" name="loginTest" duration-ms="2828" started-at="2020-09-08T10:45:27Z" finished-at="2020-09-08T10:45:30Z">
          <reporter-output>
          </reporter-output>
        </test-method> <!-- loginTest -->
        <test-method status="PASS" signature="getUserTest()[pri:0, instance:com.qa.tests.CountryTests@366e2eef]" name="getUserTest" duration-ms="546" depends-on-groups="user_post, user_post" started-at="2020-09-08T10:45:30Z" finished-at="2020-09-08T10:45:31Z">
          <reporter-output>
          </reporter-output>
        </test-method> <!-- getUserTest -->
      </class> <!-- com.qa.tests.CountryTests -->
    </test> <!-- Testng_learn -->
  </suite> <!-- Default Suite -->
</testng-results>
